C51 COMPILER V9.60.0.0   MAIN                                                              05/18/2020 23:29:05 PAGE 1   


C51 COMPILER V9.60.0.0, COMPILATION OF MODULE MAIN
OBJECT MODULE PLACED IN .\Objects\main.obj
COMPILER INVOKED BY: D:\keil_c51\C51\BIN\C51.EXE ..\user\src\main.c OPTIMIZE(8,SPEED) BROWSE INCDIR(..\app\inc;..\driver
                    -\inc;..\user\inc) DEBUG OBJECTEXTEND PRINT(.\Listings\main.lst) OBJECT(.\Objects\main.obj)

line level    source

   1          //#include <reg52.h>
   2          #include<STC12C5A60S2.H> 
   3          
   4          
   5          int main(void)
   6          {
   7   1              
   8   1              while (1)
   9   1              {
  10   2              
  11   2              }
  12   1      
  13   1      }


MODULE INFORMATION:   STATIC OVERLAYABLE
   CODE SIZE        =      2    ----
   CONSTANT SIZE    =   ----    ----
   XDATA SIZE       =   ----    ----
   PDATA SIZE       =   ----    ----
   DATA SIZE        =   ----    ----
   IDATA SIZE       =   ----    ----
   BIT SIZE         =   ----    ----
END OF MODULE INFORMATION.


C51 COMPILATION COMPLETE.  0 WARNING(S),  0 ERROR(S)
